<?xml version="1.0" ?>
<coverage version="6.4.3" timestamp="1660118650871" lines-valid="4" lines-covered="4" line-rate="1" branches-valid="0" branches-covered="0" branch-rate="1" complexity="0">
	<!-- Generated by coverage.py: https://coverage.readthedocs.io -->
	<!-- Based on https://raw.githubusercontent.com/cobertura/web/master/htdocs/xml/coverage-04.dtd -->
	<sources>
		<source>/home/chudilo4/python-project-lvl2/tests</source>
	</sources>
	<packages>
		<package name="." line-rate="1" branch-rate="1" complexity="0">
			<classes>
				<class name="test_gendiff_main.py" filename="test_gendiff_main.py" complexity="0" line-rate="1" branch-rate="1">
					<methods/>
					<lines>
						<line number="1" hits="1"/>
						<line number="4" hits="1"/>
						<line number="5" hits="1"/>
						<line number="6" hits="1"/>
					</lines>
				</class>
			</classes>
		</package>
	</packages>
</coverage>
